<?xml version="1.0" encoding="UTF-8"?>
<!-- Generated by org.testng.reporters.JUnitXMLReporter -->
<testsuite hostname="Farrahs-MacBook-Air.local" ignored="0" name="Default test" tests="4" failures="0" timestamp="07 Jun 2019 02:02:25 GMT" time="25.044" errors="0">
  <testcase name="getData" time="2.983" classname="com.class04.DataProviderExample"/>
  <testcase name="getData" time="2.356" classname="com.class04.DataProviderExample"/>
  <testcase name="getData" time="3.319" classname="com.class04.DataProviderExample"/>
  <testcase name="getData" time="2.522" classname="com.class04.DataProviderExample"/>
</testsuite> <!-- Default test -->
